Performing C SOURCE FILE Test CMAKE_HAVE_LIBC_PTHREAD failed with the following output:
Change Dir: /home/jacob/dev/projects/SDLtest/build/CMakeFiles/CMakeTmp

Run Build Command(s):/usr/bin/make cmTC_372ac/fast && /usr/bin/make -f CMakeFiles/cmTC_372ac.dir/build.make CMakeFiles/cmTC_372ac.dir/build
make[1]: Entering directory '/home/jacob/dev/projects/SDLtest/build/CMakeFiles/CMakeTmp'
Building C object CMakeFiles/cmTC_372ac.dir/src.c.o
/usr/bin/cc   -DCMAKE_HAVE_LIBC_PTHREAD   -o CMakeFiles/cmTC_372ac.dir/src.c.o   -c /home/jacob/dev/projects/SDLtest/build/CMakeFiles/CMakeTmp/src.c
Linking C executable cmTC_372ac
/usr/bin/cmake -E cmake_link_script CMakeFiles/cmTC_372ac.dir/link.txt --verbose=1
/usr/bin/cc  -DCMAKE_HAVE_LIBC_PTHREAD    -rdynamic CMakeFiles/cmTC_372ac.dir/src.c.o  -o cmTC_372ac 
/usr/bin/ld: CMakeFiles/cmTC_372ac.dir/src.c.o: in function `main':
src.c:(.text+0x46): undefined reference to `pthread_create'
/usr/bin/ld: src.c:(.text+0x52): undefined reference to `pthread_detach'
/usr/bin/ld: src.c:(.text+0x63): undefined reference to `pthread_join'
collect2: error: ld returned 1 exit status
make[1]: *** [CMakeFiles/cmTC_372ac.dir/build.make:87: cmTC_372ac] Error 1
make[1]: Leaving directory '/home/jacob/dev/projects/SDLtest/build/CMakeFiles/CMakeTmp'
make: *** [Makefile:121: cmTC_372ac/fast] Error 2


Source file was:
#include <pthread.h>

void* test_func(void* data)
{
  return data;
}

int main(void)
{
  pthread_t thread;
  pthread_create(&thread, NULL, test_func, NULL);
  pthread_detach(thread);
  pthread_join(thread, NULL);
  pthread_atfork(NULL, NULL, NULL);
  pthread_exit(NULL);

  return 0;
}

Determining if the function pthread_create exists in the pthreads failed with the following output:
Change Dir: /home/jacob/dev/projects/SDLtest/build/CMakeFiles/CMakeTmp

Run Build Command(s):/usr/bin/make cmTC_fa3ec/fast && /usr/bin/make -f CMakeFiles/cmTC_fa3ec.dir/build.make CMakeFiles/cmTC_fa3ec.dir/build
make[1]: Entering directory '/home/jacob/dev/projects/SDLtest/build/CMakeFiles/CMakeTmp'
Building C object CMakeFiles/cmTC_fa3ec.dir/CheckFunctionExists.c.o
/usr/bin/cc   -DCHECK_FUNCTION_EXISTS=pthread_create   -o CMakeFiles/cmTC_fa3ec.dir/CheckFunctionExists.c.o   -c /usr/share/cmake-3.16/Modules/CheckFunctionExists.c
Linking C executable cmTC_fa3ec
/usr/bin/cmake -E cmake_link_script CMakeFiles/cmTC_fa3ec.dir/link.txt --verbose=1
/usr/bin/cc  -DCHECK_FUNCTION_EXISTS=pthread_create    -rdynamic CMakeFiles/cmTC_fa3ec.dir/CheckFunctionExists.c.o  -o cmTC_fa3ec  -lpthreads 
/usr/bin/ld: cannot find -lpthreads
collect2: error: ld returned 1 exit status
make[1]: *** [CMakeFiles/cmTC_fa3ec.dir/build.make:87: cmTC_fa3ec] Error 1
make[1]: Leaving directory '/home/jacob/dev/projects/SDLtest/build/CMakeFiles/CMakeTmp'
make: *** [Makefile:121: cmTC_fa3ec/fast] Error 2



Performing C SOURCE FILE Test CMAKE_HAVE_LIBC_PTHREAD failed with the following output:
Change Dir: /home/jacob/dev/projects/SDLtest/build/CMakeFiles/CMakeTmp

Run Build Command(s):/usr/bin/make cmTC_f781e/fast && /usr/bin/make -f CMakeFiles/cmTC_f781e.dir/build.make CMakeFiles/cmTC_f781e.dir/build
make[1]: Entering directory '/home/jacob/dev/projects/SDLtest/build/CMakeFiles/CMakeTmp'
Building C object CMakeFiles/cmTC_f781e.dir/src.c.o
/usr/bin/cc   -DCMAKE_HAVE_LIBC_PTHREAD   -o CMakeFiles/cmTC_f781e.dir/src.c.o   -c /home/jacob/dev/projects/SDLtest/build/CMakeFiles/CMakeTmp/src.c
Linking C executable cmTC_f781e
/usr/bin/cmake -E cmake_link_script CMakeFiles/cmTC_f781e.dir/link.txt --verbose=1
/usr/bin/cc  -DCMAKE_HAVE_LIBC_PTHREAD    -rdynamic CMakeFiles/cmTC_f781e.dir/src.c.o  -o cmTC_f781e 
/usr/bin/ld: CMakeFiles/cmTC_f781e.dir/src.c.o: in function `main':
src.c:(.text+0x46): undefined reference to `pthread_create'
/usr/bin/ld: src.c:(.text+0x52): undefined reference to `pthread_detach'
/usr/bin/ld: src.c:(.text+0x63): undefined reference to `pthread_join'
collect2: error: ld returned 1 exit status
make[1]: *** [CMakeFiles/cmTC_f781e.dir/build.make:87: cmTC_f781e] Error 1
make[1]: Leaving directory '/home/jacob/dev/projects/SDLtest/build/CMakeFiles/CMakeTmp'
make: *** [Makefile:121: cmTC_f781e/fast] Error 2


Source file was:
#include <pthread.h>

void* test_func(void* data)
{
  return data;
}

int main(void)
{
  pthread_t thread;
  pthread_create(&thread, NULL, test_func, NULL);
  pthread_detach(thread);
  pthread_join(thread, NULL);
  pthread_atfork(NULL, NULL, NULL);
  pthread_exit(NULL);

  return 0;
}

Determining if the function pthread_create exists in the pthreads failed with the following output:
Change Dir: /home/jacob/dev/projects/SDLtest/build/CMakeFiles/CMakeTmp

Run Build Command(s):/usr/bin/make cmTC_4d9e9/fast && /usr/bin/make -f CMakeFiles/cmTC_4d9e9.dir/build.make CMakeFiles/cmTC_4d9e9.dir/build
make[1]: Entering directory '/home/jacob/dev/projects/SDLtest/build/CMakeFiles/CMakeTmp'
Building C object CMakeFiles/cmTC_4d9e9.dir/CheckFunctionExists.c.o
/usr/bin/cc   -DCHECK_FUNCTION_EXISTS=pthread_create   -o CMakeFiles/cmTC_4d9e9.dir/CheckFunctionExists.c.o   -c /usr/share/cmake-3.16/Modules/CheckFunctionExists.c
Linking C executable cmTC_4d9e9
/usr/bin/cmake -E cmake_link_script CMakeFiles/cmTC_4d9e9.dir/link.txt --verbose=1
/usr/bin/cc  -DCHECK_FUNCTION_EXISTS=pthread_create    -rdynamic CMakeFiles/cmTC_4d9e9.dir/CheckFunctionExists.c.o  -o cmTC_4d9e9  -lpthreads 
/usr/bin/ld: cannot find -lpthreads
collect2: error: ld returned 1 exit status
make[1]: *** [CMakeFiles/cmTC_4d9e9.dir/build.make:87: cmTC_4d9e9] Error 1
make[1]: Leaving directory '/home/jacob/dev/projects/SDLtest/build/CMakeFiles/CMakeTmp'
make: *** [Makefile:121: cmTC_4d9e9/fast] Error 2



